Arguments: 
  /usr/local/Cellar/node/14.9.0/bin/node /usr/local/Cellar/yarn/1.22.5/libexec/bin/yarn.js publish --access restricted --help

PATH: 
  /usr/local/Cellar/go/1.14.3/libexec/bin:/usr/local/sbin:/usr/local/bin:/Users/kolodyaz/Workspace/golang/bin:/usr/local/bin:/usr/bin:/bin:/usr/sbin:/sbin:/Users/kolodyaz/Workspace/golang/bin

Yarn version: 
  1.22.5

Node version: 
  14.9.0

Platform: 
  darwin x64

Trace: 
  Error: canceled
      at Interface.<anonymous> (/usr/local/Cellar/yarn/1.22.5/libexec/lib/cli.js:137009:13)
      at Interface.emit (events.js:314:20)
      at Interface._ttyWrite (readline.js:875:16)
      at ReadStream.onkeypress (readline.js:213:10)
      at ReadStream.emit (events.js:314:20)
      at emitKeys (internal/readline/utils.js:335:14)
      at emitKeys.next (<anonymous>)
      at ReadStream.onData (readline.js:1144:36)
      at ReadStream.emit (events.js:314:20)
      at addChunk (_stream_readable.js:303:12)

npm manifest: 
  {
    "name": "@eolymp/js-sdk",
    "version": "1.0.1",
    "description": "JavaScript SDK for Eolymp API",
    "main": "./dist/index.js",
    "types": "./dist/index.d.ts",
    "repository": "https://github.com/eolymp/js-sdk.git",
    "author": "Sergey Kolodyazhnyy <sergey.kolodyazhnyy@gmail.com>",
    "license": "MIT",
    "scripts": {
      "build": "tsc",
      "prepare": "yarn run build"
    },
    "files": [
      "dist"
    ],
    "publishConfig": {
      "registry": "https://npm.pkg.github.com/"
    }
  }

yarn manifest: 
  No manifest

Lockfile: 
  No lockfile
